# JRE version: Java(TM) SE Runtime Environment (8.0_112-b15) (build 1.8.0_112-b15)
# Java VM: Java HotSpot(TM) 64-Bit Server VM (25.112-b15 mixed mode windows-amd64 compressed oops)
Heap:
 PSYoungGen      total 224768K, used 116392K [0x00000000f0000000, 0x00000000fff80000, 0x0000000100000000)
  eden space 193536K, 56% used [0x00000000f0000000,0x00000000f6b6b848,0x00000000fbd00000)
  from space 31232K, 20% used [0x00000000fbd00000,0x00000000fc33eaa8,0x00000000fdb80000)
  to   space 29184K, 0% used [0x00000000fe300000,0x00000000fe300000,0x00000000fff80000)
 ParOldGen       total 313856K, used 194802K [0x00000000d0000000, 0x00000000e3280000, 0x00000000f0000000)
  object space 313856K, 62% used [0x00000000d0000000,0x00000000dbe3c928,0x00000000e3280000)
 Metaspace       used 64352K, capacity 65112K, committed 65624K, reserved 1105920K
  class space    used 9799K, capacity 9979K, committed 10072K, reserved 1048576K
GC Heap History (10 events):
Event: 1690.593 GC heap before
{Heap before GC invocations=60 (full 3):
 PSYoungGen      total 209920K, used 171264K [0x00000000f0000000, 0x00000000ff700000, 0x0000000100000000)
  eden space 171008K, 100% used [0x00000000f0000000,0x00000000fa700000,0x00000000fa700000)
  from space 38912K, 0% used [0x00000000fd100000,0x00000000fd140000,0x00000000ff700000)
  to   space 40960K, 0% used [0x00000000fa700000,0x00000000fa700000,0x00000000fcf00000)
 ParOldGen       total 313856K, used 179828K [0x00000000d0000000, 0x00000000e3280000, 0x00000000f0000000)
  object space 313856K, 57% used [0x00000000d0000000,0x00000000daf9d048,0x00000000e3280000)
 Metaspace       used 62868K, capacity 63638K, committed 64216K, reserved 1103872K
  class space    used 9710K, capacity 9876K, committed 9944K, reserved 1048576K
Event: 1690.603 GC heap after
Heap after GC invocations=60 (full 3):
 PSYoungGen      total 211968K, used 645K [0x00000000f0000000, 0x00000000ffc00000, 0x0000000100000000)
  eden space 171008K, 0% used [0x00000000f0000000,0x00000000f0000000,0x00000000fa700000)
  from space 40960K, 1% used [0x00000000fa700000,0x00000000fa7a15b8,0x00000000fcf00000)
  to   space 37888K, 0% used [0x00000000fd700000,0x00000000fd700000,0x00000000ffc00000)
 ParOldGen       total 313856K, used 180036K [0x00000000d0000000, 0x00000000e3280000, 0x00000000f0000000)
  object space 313856K, 57% used [0x00000000d0000000,0x00000000dafd1048,0x00000000e3280000)
 Metaspace       used 62868K, capacity 63638K, committed 64216K, reserved 1103872K
  class space    used 9710K, capacity 9876K, committed 9944K, reserved 1048576K
}
Event: 1701.938 GC heap before
{Heap before GC invocations=61 (full 3):
 PSYoungGen      total 211968K, used 171653K [0x00000000f0000000, 0x00000000ffc00000, 0x0000000100000000)
  eden space 171008K, 100% used [0x00000000f0000000,0x00000000fa700000,0x00000000fa700000)
  from space 40960K, 1% used [0x00000000fa700000,0x00000000fa7a15b8,0x00000000fcf00000)
  to   space 37888K, 0% used [0x00000000fd700000,0x00000000fd700000,0x00000000ffc00000)
 ParOldGen       total 313856K, used 180036K [0x00000000d0000000, 0x00000000e3280000, 0x00000000f0000000)
  object space 313856K, 57% used [0x00000000d0000000,0x00000000dafd1048,0x00000000e3280000)
 Metaspace       used 62939K, capacity 63702K, committed 64216K, reserved 1103872K
  class space    used 9710K, capacity 9876K, committed 9944K, reserved 1048576K
Event: 1701.948 GC heap after
Heap after GC invocations=61 (full 3):
 PSYoungGen      total 216064K, used 2752K [0x00000000f0000000, 0x00000000ff700000, 0x0000000100000000)
  eden space 183296K, 0% used [0x00000000f0000000,0x00000000f0000000,0x00000000fb300000)
  from space 32768K, 8% used [0x00000000fd700000,0x00000000fd9b0000,0x00000000ff700000)
  to   space 34816K, 0% used [0x00000000fb300000,0x00000000fb300000,0x00000000fd500000)
 ParOldGen       total 313856K, used 180529K [0x00000000d0000000, 0x00000000e3280000, 0x00000000f0000000)
  object space 313856K, 57% used [0x00000000d0000000,0x00000000db04c600,0x00000000e3280000)
 Metaspace       used 62939K, capacity 63702K, committed 64216K, reserved 1103872K
  class space    used 9710K, capacity 9876K, committed 9944K, reserved 1048576K
}
Event: 1747.352 GC heap before
{Heap before GC invocations=62 (full 3):
 PSYoungGen      total 216064K, used 186048K [0x00000000f0000000, 0x00000000ff700000, 0x0000000100000000)
  eden space 183296K, 100% used [0x00000000f0000000,0x00000000fb300000,0x00000000fb300000)
  from space 32768K, 8% used [0x00000000fd700000,0x00000000fd9b0000,0x00000000ff700000)
  to   space 34816K, 0% used [0x00000000fb300000,0x00000000fb300000,0x00000000fd500000)
 ParOldGen       total 313856K, used 180529K [0x00000000d0000000, 0x00000000e3280000, 0x00000000f0000000)
  object space 313856K, 57% used [0x00000000d0000000,0x00000000db04c600,0x00000000e3280000)
 Metaspace       used 63086K, capacity 63894K, committed 64472K, reserved 1103872K
  class space    used 9711K, capacity 9876K, committed 9944K, reserved 1048576K
Event: 1747.367 GC heap after
Heap after GC invocations=62 (full 3):
 PSYoungGen      total 218112K, used 9313K [0x00000000f0000000, 0x0000000100000000, 0x0000000100000000)
  eden space 183296K, 0% used [0x00000000f0000000,0x00000000f0000000,0x00000000fb300000)
  from space 34816K, 26% used [0x00000000fb300000,0x00000000fbc18500,0x00000000fd500000)
  to   space 33792K, 0% used [0x00000000fdf00000,0x00000000fdf00000,0x0000000100000000)
 ParOldGen       total 313856K, used 183096K [0x00000000d0000000, 0x00000000e3280000, 0x00000000f0000000)
  object space 313856K, 58% used [0x00000000d0000000,0x00000000db2ce1d0,0x00000000e3280000)
 Metaspace       used 63086K, capacity 63894K, committed 64472K, reserved 1103872K
  class space    used 9711K, capacity 9876K, committed 9944K, reserved 1048576K
}
Event: 1833.410 GC heap before
{Heap before GC invocations=63 (full 3):
 PSYoungGen      total 218112K, used 192609K [0x00000000f0000000, 0x0000000100000000, 0x0000000100000000)
  eden space 183296K, 100% used [0x00000000f0000000,0x00000000fb300000,0x00000000fb300000)
  from space 34816K, 26% used [0x00000000fb300000,0x00000000fbc18500,0x00000000fd500000)
  to   space 33792K, 0% used [0x00000000fdf00000,0x00000000fdf00000,0x0000000100000000)
 ParOldGen       total 313856K, used 183096K [0x00000000d0000000, 0x00000000e3280000, 0x00000000f0000000)
  object space 313856K, 58% used [0x00000000d0000000,0x00000000db2ce1d0,0x00000000e3280000)
 Metaspace       used 63388K, capacity 64192K, committed 64728K, reserved 1103872K
  class space    used 9730K, capacity 9911K, committed 9944K, reserved 1048576K
Event: 1833.434 GC heap after
Heap after GC invocations=63 (full 3):
 PSYoungGen      total 221184K, used 3840K [0x00000000f0000000, 0x00000000ffa00000, 0x0000000100000000)
  eden space 193536K, 0% used [0x00000000f0000000,0x00000000f0000000,0x00000000fbd00000)
  from space 27648K, 13% used [0x00000000fdf00000,0x00000000fe2c0000,0x00000000ffa00000)
  to   space 31232K, 0% used [0x00000000fbd00000,0x00000000fbd00000,0x00000000fdb80000)
 ParOldGen       total 313856K, used 191750K [0x00000000d0000000, 0x00000000e3280000, 0x00000000f0000000)
  object space 313856K, 61% used [0x00000000d0000000,0x00000000dbb41888,0x00000000e3280000)
 Metaspace       used 63388K, capacity 64192K, committed 64728K, reserved 1103872K
  class space    used 9730K, capacity 9911K, committed 9944K, reserved 1048576K
}
Event: 1981.976 GC heap before
{Heap before GC invocations=64 (full 3):
 PSYoungGen      total 221184K, used 197376K [0x00000000f0000000, 0x00000000ffa00000, 0x0000000100000000)
  eden space 193536K, 100% used [0x00000000f0000000,0x00000000fbd00000,0x00000000fbd00000)
  from space 27648K, 13% used [0x00000000fdf00000,0x00000000fe2c0000,0x00000000ffa00000)
  to   space 31232K, 0% used [0x00000000fbd00000,0x00000000fbd00000,0x00000000fdb80000)
 ParOldGen       total 313856K, used 191750K [0x00000000d0000000, 0x00000000e3280000, 0x00000000f0000000)
  object space 313856K, 61% used [0x00000000d0000000,0x00000000dbb41888,0x00000000e3280000)
 Metaspace       used 63701K, capacity 64536K, committed 64984K, reserved 1103872K
  class space    used 9744K, capacity 9915K, committed 9944K, reserved 1048576K
Event: 1981.993 GC heap after
Heap after GC invocations=64 (full 3):
 PSYoungGen      total 224768K, used 6394K [0x00000000f0000000, 0x00000000fff80000, 0x0000000100000000)
  eden space 193536K, 0% used [0x00000000f0000000,0x00000000f0000000,0x00000000fbd00000)
  from space 31232K, 20% used [0x00000000fbd00000,0x00000000fc33eaa8,0x00000000fdb80000)
  to   space 29184K, 0% used [0x00000000fe300000,0x00000000fe300000,0x00000000fff80000)
 ParOldGen       total 313856K, used 194802K [0x00000000d0000000, 0x00000000e3280000, 0x00000000f0000000)
  object space 313856K, 62% used [0x00000000d0000000,0x00000000dbe3c928,0x00000000e3280000)
 Metaspace       used 63701K, capacity 64536K, committed 64984K, reserved 1103872K
  class space    used 9744K, capacity 9915K, committed 9944K, reserved 1048576K
}

